e:\cpp\cpp_primer\cpp_primer\debug\vc140.pdb
e:\cpp\cpp_primer\cpp_primer\debug\vc140.idb
e:\cpp\cpp_primer\cpp_primer\debug\4.1.3.obj
e:\cpp\cpp_primer\cpp_primer\debug\4.10.obj
e:\cpp\cpp_primer\cpp_primer\debug\4.21.obj
e:\cpp\cpp_primer\cpp_primer\debug\4.22.obj
e:\cpp\cpp_primer\cpp_primer\debug\4.25.obj
e:\cpp\cpp_primer\cpp_primer\debug\4.36.obj
e:\cpp\cpp_primer\cpp_primer\debug\4.37.obj
e:\cpp\cpp_primer\cpp_primer\debug\5.9.obj
e:\cpp\cpp_primer\cpp_primer\debug\5.12.obj
e:\cpp\cpp_primer\cpp_primer\debug\5.4.1.obj
e:\cpp\cpp_primer\cpp_primer\debug\5.17.obj
e:\cpp\cpp_primer\cpp_primer\debug\5.19.obj
e:\cpp\cpp_primer\cpp_primer\debug\5.23.obj
e:\cpp\cpp_primer\cpp_primer\debug\fact.obj
e:\cpp\cpp_primer\cpp_primer\debug\factmain.obj
e:\cpp\cpp_primer\cpp_primer\debug\6.11.obj
e:\cpp\cpp_primer\cpp_primer\debug\6.12.obj
e:\cpp\cpp_primer\cpp_primer\debug\6.17.obj
e:\cpp\cpp_primer\cpp_primer\debug\6.22.obj
e:\cpp\cpp_primer\cpp_primer\debug\6.23.obj
e:\cpp\cpp_primer\cpp_primer\debug\6.24.obj
e:\cpp\cpp_primer\cpp_primer\debug\6.25.obj
e:\cpp\cpp_primer\cpp_primer\debug\6.27.obj
e:\cpp\cpp_primer\cpp_primer\debug\6.33.obj
e:\cpp\cpp_primer\cpp_primer\debug\6.37.obj
e:\cpp\cpp_primer\cpp_primer\debug\6.51.obj
e:\cpp\cpp_primer\cpp_primer\debug\6.54.obj
e:\cpp\cpp_primer\cpp_primer\debug\7.1.obj
e:\cpp\cpp_primer\cpp_primer\debug\7.2.obj
e:\cpp\cpp_primer\cpp_primer\debug\7.4.obj
e:\cpp\cpp_primer\cpp_primer\debug\7.6.obj
e:\cpp\cpp_primer\cpp_primer\debug\7.9.obj
e:\cpp\cpp_primer\cpp_primer\debug\7.11.obj
e:\cpp\cpp_primer\cpp_primer\debug\7.15.obj
e:\cpp\cpp_primer\cpp_primer\debug\7.21.obj
e:\cpp\cpp_primer\cpp_primer\debug\7.22.obj
e:\cpp\cpp_primer\cpp_primer\debug\7.23.obj
e:\cpp\cpp_primer\cpp_primer\debug\7.31.obj
e:\cpp\cpp_primer\debug\cpp_primer.ilk
e:\cpp\cpp_primer\debug\cpp_primer.exe
e:\cpp\cpp_primer\debug\cpp_primer.pdb
e:\cpp\cpp_primer\cpp_primer\debug\cpp_primer.tlog\cl.command.1.tlog
e:\cpp\cpp_primer\cpp_primer\debug\cpp_primer.tlog\cl.read.1.tlog
e:\cpp\cpp_primer\cpp_primer\debug\cpp_primer.tlog\cl.write.1.tlog
e:\cpp\cpp_primer\cpp_primer\debug\cpp_primer.tlog\link.19688-cvtres.read.1.tlog
e:\cpp\cpp_primer\cpp_primer\debug\cpp_primer.tlog\link.19688-cvtres.write.1.tlog
e:\cpp\cpp_primer\cpp_primer\debug\cpp_primer.tlog\link.19688-rc.read.1.tlog
e:\cpp\cpp_primer\cpp_primer\debug\cpp_primer.tlog\link.19688-rc.write.1.tlog
e:\cpp\cpp_primer\cpp_primer\debug\cpp_primer.tlog\link.19688.read.1.tlog
e:\cpp\cpp_primer\cpp_primer\debug\cpp_primer.tlog\link.19688.write.1.tlog
e:\cpp\cpp_primer\cpp_primer\debug\cpp_primer.tlog\link.command.1.tlog
e:\cpp\cpp_primer\cpp_primer\debug\cpp_primer.tlog\link.read.1.tlog
e:\cpp\cpp_primer\cpp_primer\debug\cpp_primer.tlog\link.write.1.tlog
